Filtered Planes/Library/Bee/Android/Prj/Mono2x/Gradle/unityLibrary/build/intermediates/manifest_merge_blame_file/release/manifest-merger-blame-release-report.txt
1<?xml version="1.0" encoding="utf-8"?>
2<manifest xmlns:android="http://schemas.android.com/apk/res/android"
3    xmlns:tools="http://schemas.android.com/tools"
4    package="com.unity3d.player"
5    android:versionCode="1"
6    android:versionName="0.1" >
7
8    <uses-sdk
9        android:minSdkVersion="26"
9-->src\main\AndroidManifest.xml
10        android:targetSdkVersion="30" />
10-->src\main\AndroidManifest.xml
11
12    <uses-feature android:glEsVersion="0x00030000" />
12-->src\main\AndroidManifest.xml:20:3-52
12-->src\main\AndroidManifest.xml:20:17-49
13
14    <uses-permission android:name="android.permission.INTERNET" />
14-->src\main\AndroidManifest.xml:21:3-65
14-->src\main\AndroidManifest.xml:21:20-62
15
16    <uses-feature
16-->src\main\AndroidManifest.xml:22:3-97
17        android:name="android.hardware.sensor.accelerometer"
17-->src\main\AndroidManifest.xml:22:17-69
18        android:required="false" />
18-->src\main\AndroidManifest.xml:22:70-94
19    <uses-feature
19-->src\main\AndroidManifest.xml:23:3-88
20        android:name="android.hardware.touchscreen"
20-->src\main\AndroidManifest.xml:23:17-60
21        android:required="false" />
21-->src\main\AndroidManifest.xml:23:61-85
22    <uses-feature
22-->src\main\AndroidManifest.xml:24:3-99
23        android:name="android.hardware.touchscreen.multitouch"
23-->src\main\AndroidManifest.xml:24:17-71
24        android:required="false" />
24-->src\main\AndroidManifest.xml:24:72-96
25    <uses-feature
25-->src\main\AndroidManifest.xml:25:3-108
26        android:name="android.hardware.touchscreen.multitouch.distinct"
26-->src\main\AndroidManifest.xml:25:17-80
27        android:required="false" />
27-->src\main\AndroidManifest.xml:25:81-105
28
29    <uses-permission android:name="android.permission.CAMERA" />
29-->src\main\AndroidManifest.xml:26:3-63
29-->src\main\AndroidManifest.xml:26:20-60
30
31    <uses-feature
31-->src\main\AndroidManifest.xml:27:3-85
32        android:name="android.hardware.camera.ar"
32-->src\main\AndroidManifest.xml:27:17-58
33        android:required="true" />
33-->src\main\AndroidManifest.xml:27:59-82
34    <uses-feature
34-->src\main\AndroidManifest.xml:28:3-83
35        android:name="com.google.ar.core.depth"
35-->src\main\AndroidManifest.xml:28:17-56
36        android:required="true" />
36-->src\main\AndroidManifest.xml:28:57-80
37
38    <application android:extractNativeLibs="true" >
38-->src\main\AndroidManifest.xml:3:3-19:17
38-->src\main\AndroidManifest.xml:3:16-48
39        <activity
39-->src\main\AndroidManifest.xml:4:5-11:16
40            android:name="com.unity3d.player.UnityPlayerActivity"
40-->src\main\AndroidManifest.xml:4:15-68
41            android:configChanges="mcc|mnc|locale|touchscreen|keyboard|keyboardHidden|navigation|orientation|screenLayout|uiMode|screenSize|smallestScreenSize|fontScale|layoutDirection|density"
41-->src\main\AndroidManifest.xml:4:182-363
42            android:hardwareAccelerated="false"
42-->src\main\AndroidManifest.xml:4:399-434
43            android:launchMode="singleTask"
43-->src\main\AndroidManifest.xml:4:150-181
44            android:resizeableActivity="false"
44-->src\main\AndroidManifest.xml:4:364-398
45            android:screenOrientation="fullSensor"
45-->src\main\AndroidManifest.xml:4:111-149
46            android:theme="@style/UnityThemeSelector" >
46-->src\main\AndroidManifest.xml:4:69-110
47            <intent-filter>
47-->src\main\AndroidManifest.xml:5:7-8:23
48                <action android:name="android.intent.action.MAIN" />
48-->src\main\AndroidManifest.xml:6:9-61
48-->src\main\AndroidManifest.xml:6:17-58
49
50                <category android:name="android.intent.category.LAUNCHER" />
50-->src\main\AndroidManifest.xml:7:9-69
50-->src\main\AndroidManifest.xml:7:19-66
51            </intent-filter>
52
53            <meta-data
53-->src\main\AndroidManifest.xml:9:7-82
54                android:name="unityplayer.UnityActivity"
54-->src\main\AndroidManifest.xml:9:18-58
55                android:value="true" />
55-->src\main\AndroidManifest.xml:9:59-79
56            <meta-data
56-->src\main\AndroidManifest.xml:10:7-78
57                android:name="android.notch_support"
57-->src\main\AndroidManifest.xml:10:18-54
58                android:value="true" />
58-->src\main\AndroidManifest.xml:10:55-75
59        </activity>
60
61        <meta-data
61-->src\main\AndroidManifest.xml:12:5-69
62            android:name="unity.splash-mode"
62-->src\main\AndroidManifest.xml:12:16-48
63            android:value="0" />
63-->src\main\AndroidManifest.xml:12:49-66
64        <meta-data
64-->src\main\AndroidManifest.xml:13:5-74
65            android:name="unity.splash-enable"
65-->src\main\AndroidManifest.xml:13:16-50
66            android:value="True" />
66-->src\main\AndroidManifest.xml:13:51-71
67        <meta-data
67-->src\main\AndroidManifest.xml:14:5-78
68            android:name="unity.launch-fullscreen"
68-->src\main\AndroidManifest.xml:14:16-54
69            android:value="True" />
69-->src\main\AndroidManifest.xml:14:55-75
70        <meta-data
70-->src\main\AndroidManifest.xml:15:5-84
71            android:name="unity.allow-resizable-window"
71-->src\main\AndroidManifest.xml:15:16-59
72            android:value="False" />
72-->src\main\AndroidManifest.xml:15:60-81
73        <meta-data
73-->src\main\AndroidManifest.xml:16:5-81
74            android:name="notch.config"
74-->src\main\AndroidManifest.xml:16:16-43
75            android:value="portrait|landscape" />
75-->src\main\AndroidManifest.xml:16:44-78
76        <meta-data
76-->src\main\AndroidManifest.xml:17:5-88
77            android:name="unityplayer.SkipPermissionsDialog"
77-->src\main\AndroidManifest.xml:17:16-64
78            android:value="true" />
78-->src\main\AndroidManifest.xml:17:65-85
79        <meta-data
79-->src\main\AndroidManifest.xml:18:5-77
80            android:name="com.google.ar.core"
80-->src\main\AndroidManifest.xml:18:16-49
81            android:value="required" />
81-->src\main\AndroidManifest.xml:18:50-74
82    </application>
83
84</manifest>